<?xml version="1.0" encoding="UTF-8"?>
<!-- Generated by org.testng.reporters.JUnitReportReporter -->
<testsuite hostname="AdnanAashiq.local" failures="0" tests="1" name="mumzworld.PollingResults" time="13.478" errors="0" timestamp="02 Nov 2024 13:03:01 GMT" skipped="0">
  <testcase classname="mumzworld.PollingResults" name="youtubeTest" time="13.478"/>
</testsuite> <!-- mumzworld.PollingResults -->
