<?xml version="1.0" encoding="UTF-8"?>
<!-- Generated by org.testng.reporters.JUnitReportReporter -->
<testsuite hostname="AdnanAashiq.local" failures="0" tests="1" name="mumzworld.CartTesting" time="57.062" errors="0" timestamp="05 Oct 2024 06:20:13 GMT" skipped="0">
  <testcase classname="mumzworld.CartTesting" name="verifyCartFunctionality" time="57.062"/>
</testsuite> <!-- mumzworld.CartTesting -->
