<?xml version="1.0" encoding="UTF-8"?>
<!-- Generated by org.testng.reporters.JUnitReportReporter -->
<testsuite hostname="AdnanAashiq.local" failures="0" tests="1" name="mumzworld.TryNotToLaughVideoOnYouTube" time="89.262" errors="0" timestamp="02 Nov 2024 13:36:55 GMT" skipped="0">
  <testcase classname="mumzworld.TryNotToLaughVideoOnYouTube" name="youtubeTest" time="89.262"/>
</testsuite> <!-- mumzworld.TryNotToLaughVideoOnYouTube -->
